This file contains any messages produced by compilers while
running configure, to aid debugging if configure makes a mistake.

It was created by WordNet configure 2.1, which was
generated by GNU Autoconf 2.59.  Invocation command line was

  $ ./configure 

## --------- ##
## Platform. ##
## --------- ##

hostname = epsilon
uname -m = i686
uname -r = 2.6.8-2-386
uname -s = Linux
uname -v = #1 Thu May 19 17:40:50 JST 2005

/usr/bin/uname -p = unknown
/bin/uname -X     = unknown

/bin/arch              = i686
/usr/bin/arch -k       = unknown
/usr/convex/getsysinfo = unknown
hostinfo               = unknown
/bin/machine           = unknown
/usr/bin/oslevel       = unknown
/bin/universe          = unknown

PATH: /usr/local/bin
PATH: /usr/bin
PATH: /bin
PATH: /usr/bin/X11
PATH: /usr/games


## ----------- ##
## Core tests. ##
## ----------- ##

configure:1373: checking for gcc
configure:1389: found /usr/bin/gcc
configure:1399: result: gcc
configure:1643: checking for C compiler version
configure:1646: gcc --version </dev/null >&5
gcc (GCC) 3.3.5 (Debian 1:3.3.5-13)
Copyright (C) 2003 Free Software Foundation, Inc.
This is free software; see the source for copying conditions.  There is NO
warranty; not even for MERCHANTABILITY or FITNESS FOR A PARTICULAR PURPOSE.

configure:1649: $? = 0
configure:1651: gcc -v </dev/null >&5
Reading specs from /usr/lib/gcc-lib/i486-linux/3.3.5/specs
Configured with: ../src/configure -v --enable-languages=c,c++,java,f77,pascal,objc,ada,treelang --prefix=/usr --mandir=/usr/share/man --infodir=/usr/share/info --with-gxx-include-dir=/usr/include/c++/3.3 --enable-shared --enable-__cxa_atexit --with-system-zlib --enable-nls --without-included-gettext --enable-clocale=gnu --enable-debug --enable-java-gc=boehm --enable-java-awt=xlib --enable-objc-gc i486-linux
Thread model: posix
gcc version 3.3.5 (Debian 1:3.3.5-13)
configure:1654: $? = 0
configure:1656: gcc -V </dev/null >&5
gcc: `-V' option must have argument
configure:1659: $? = 1
configure:1682: checking for C compiler default output file name
configure:1685: gcc    conftest.c  >&5
configure:1688: $? = 0
configure:1734: result: a.out
configure:1739: checking whether the C compiler works
configure:1745: ./a.out
configure:1748: $? = 0
configure:1765: result: yes
configure:1772: checking whether we are cross compiling
configure:1774: result: no
configure:1777: checking for suffix of executables
configure:1779: gcc -o conftest    conftest.c  >&5
configure:1782: $? = 0
configure:1807: result: 
configure:1813: checking for suffix of object files
configure:1834: gcc -c   conftest.c >&5
configure:1837: $? = 0
configure:1859: result: o
configure:1863: checking whether we are using the GNU C compiler
configure:1887: gcc -c   conftest.c >&5
configure:1893: $? = 0
configure:1897: test -z 
			 || test ! -s conftest.err
configure:1900: $? = 0
configure:1903: test -s conftest.o
configure:1906: $? = 0
configure:1919: result: yes
configure:1925: checking whether gcc accepts -g
configure:1946: gcc -c -g  conftest.c >&5
configure:1952: $? = 0
configure:1956: test -z 
			 || test ! -s conftest.err
configure:1959: $? = 0
configure:1962: test -s conftest.o
configure:1965: $? = 0
configure:1976: result: yes
configure:1993: checking for gcc option to accept ANSI C
configure:2063: gcc  -c -g -O2  conftest.c >&5
configure:2069: $? = 0
configure:2073: test -z 
			 || test ! -s conftest.err
configure:2076: $? = 0
configure:2079: test -s conftest.o
configure:2082: $? = 0
configure:2100: result: none needed
configure:2118: gcc -c -g -O2  conftest.c >&5
conftest.c:2: error: syntax error before "me"
configure:2124: $? = 1
configure: failed program was:
| #ifndef __cplusplus
|   choke me
| #endif
configure:2298: checking for ranlib
configure:2314: found /usr/bin/ranlib
configure:2325: result: ranlib
configure:2375: checking for a BSD-compatible install
configure:2430: result: /usr/bin/install -c
configure:2449: checking how to run the C preprocessor
configure:2484: gcc -E  conftest.c
configure:2490: $? = 0
configure:2522: gcc -E  conftest.c
conftest.c:9:28: ac_nonexistent.h: No such file or directory
configure:2528: $? = 1
configure: failed program was:
| /* confdefs.h.  */
| 
| #define PACKAGE_NAME "WordNet"
| #define PACKAGE_TARNAME "wordnet"
| #define PACKAGE_VERSION "2.1"
| #define PACKAGE_STRING "WordNet 2.1"
| #define PACKAGE_BUGREPORT "wordnet@princeton.edu"
| /* end confdefs.h.  */
| #include <ac_nonexistent.h>
configure:2567: result: gcc -E
configure:2591: gcc -E  conftest.c
configure:2597: $? = 0
configure:2629: gcc -E  conftest.c
conftest.c:9:28: ac_nonexistent.h: No such file or directory
configure:2635: $? = 1
configure: failed program was:
| /* confdefs.h.  */
| 
| #define PACKAGE_NAME "WordNet"
| #define PACKAGE_TARNAME "wordnet"
| #define PACKAGE_VERSION "2.1"
| #define PACKAGE_STRING "WordNet 2.1"
| #define PACKAGE_BUGREPORT "wordnet@princeton.edu"
| /* end confdefs.h.  */
| #include <ac_nonexistent.h>
configure:2679: checking for egrep
configure:2689: result: grep -E
configure:2694: checking for ANSI C header files
configure:2719: gcc -c -g -O2  conftest.c >&5
configure:2725: $? = 0
configure:2729: test -z 
			 || test ! -s conftest.err
configure:2732: $? = 0
configure:2735: test -s conftest.o
configure:2738: $? = 0
configure:2824: gcc -o conftest -g -O2   conftest.c  >&5
configure:2827: $? = 0
configure:2829: ./conftest
configure:2832: $? = 0
configure:2847: result: yes
configure:2871: checking for sys/types.h
configure:2887: gcc -c -g -O2  conftest.c >&5
configure:2893: $? = 0
configure:2897: test -z 
			 || test ! -s conftest.err
configure:2900: $? = 0
configure:2903: test -s conftest.o
configure:2906: $? = 0
configure:2917: result: yes
configure:2871: checking for sys/stat.h
configure:2887: gcc -c -g -O2  conftest.c >&5
configure:2893: $? = 0
configure:2897: test -z 
			 || test ! -s conftest.err
configure:2900: $? = 0
configure:2903: test -s conftest.o
configure:2906: $? = 0
configure:2917: result: yes
configure:2871: checking for stdlib.h
configure:2887: gcc -c -g -O2  conftest.c >&5
configure:2893: $? = 0
configure:2897: test -z 
			 || test ! -s conftest.err
configure:2900: $? = 0
configure:2903: test -s conftest.o
configure:2906: $? = 0
configure:2917: result: yes
configure:2871: checking for string.h
configure:2887: gcc -c -g -O2  conftest.c >&5
configure:2893: $? = 0
configure:2897: test -z 
			 || test ! -s conftest.err
configure:2900: $? = 0
configure:2903: test -s conftest.o
configure:2906: $? = 0
configure:2917: result: yes
configure:2871: checking for memory.h
configure:2887: gcc -c -g -O2  conftest.c >&5
configure:2893: $? = 0
configure:2897: test -z 
			 || test ! -s conftest.err
configure:2900: $? = 0
configure:2903: test -s conftest.o
configure:2906: $? = 0
configure:2917: result: yes
configure:2871: checking for strings.h
configure:2887: gcc -c -g -O2  conftest.c >&5
configure:2893: $? = 0
configure:2897: test -z 
			 || test ! -s conftest.err
configure:2900: $? = 0
configure:2903: test -s conftest.o
configure:2906: $? = 0
configure:2917: result: yes
configure:2871: checking for inttypes.h
configure:2887: gcc -c -g -O2  conftest.c >&5
configure:2893: $? = 0
configure:2897: test -z 
			 || test ! -s conftest.err
configure:2900: $? = 0
configure:2903: test -s conftest.o
configure:2906: $? = 0
configure:2917: result: yes
configure:2871: checking for stdint.h
configure:2887: gcc -c -g -O2  conftest.c >&5
configure:2893: $? = 0
configure:2897: test -z 
			 || test ! -s conftest.err
configure:2900: $? = 0
configure:2903: test -s conftest.o
configure:2906: $? = 0
configure:2917: result: yes
configure:2871: checking for unistd.h
configure:2887: gcc -c -g -O2  conftest.c >&5
configure:2893: $? = 0
configure:2897: test -z 
			 || test ! -s conftest.err
configure:2900: $? = 0
configure:2903: test -s conftest.o
configure:2906: $? = 0
configure:2917: result: yes
configure:2946: checking locale.h usability
configure:2958: gcc -c -g -O2  conftest.c >&5
configure:2964: $? = 0
configure:2968: test -z 
			 || test ! -s conftest.err
configure:2971: $? = 0
configure:2974: test -s conftest.o
configure:2977: $? = 0
configure:2987: result: yes
configure:2991: checking locale.h presence
configure:3001: gcc -E  conftest.c
configure:3007: $? = 0
configure:3027: result: yes
configure:3062: checking for locale.h
configure:3069: result: yes
configure:2946: checking malloc.h usability
configure:2958: gcc -c -g -O2  conftest.c >&5
configure:2964: $? = 0
configure:2968: test -z 
			 || test ! -s conftest.err
configure:2971: $? = 0
configure:2974: test -s conftest.o
configure:2977: $? = 0
configure:2987: result: yes
configure:2991: checking malloc.h presence
configure:3001: gcc -E  conftest.c
configure:3007: $? = 0
configure:3027: result: yes
configure:3062: checking for malloc.h
configure:3069: result: yes
configure:2937: checking for stdlib.h
configure:2942: result: yes
configure:2937: checking for string.h
configure:2942: result: yes
configure:3091: checking for stdlib.h
configure:3096: result: yes
configure:3236: checking for GNU libc compatible malloc
configure:3265: gcc -o conftest -g -O2   conftest.c  >&5
configure:3268: $? = 0
configure:3270: ./conftest
configure:3273: $? = 0
configure:3287: result: yes
configure:3325: checking for strchr
configure:3382: gcc -o conftest -g -O2   conftest.c  >&5
conftest.c:49: warning: conflicting types for built-in function `strchr'
configure:3388: $? = 0
configure:3392: test -z 
			 || test ! -s conftest.err
configure:3395: $? = 0
configure:3398: test -s conftest
configure:3401: $? = 0
configure:3413: result: yes
configure:3325: checking for strdup
configure:3382: gcc -o conftest -g -O2   conftest.c  >&5
configure:3388: $? = 0
configure:3392: test -z 
			 || test ! -s conftest.err
configure:3395: $? = 0
configure:3398: test -s conftest
configure:3401: $? = 0
configure:3413: result: yes
configure:3325: checking for strrchr
configure:3382: gcc -o conftest -g -O2   conftest.c  >&5
conftest.c:51: warning: conflicting types for built-in function `strrchr'
configure:3388: $? = 0
configure:3392: test -z 
			 || test ! -s conftest.err
configure:3395: $? = 0
configure:3398: test -s conftest
configure:3401: $? = 0
configure:3413: result: yes
configure:3325: checking for strstr
configure:3382: gcc -o conftest -g -O2   conftest.c  >&5
conftest.c:52: warning: conflicting types for built-in function `strstr'
configure:3388: $? = 0
configure:3392: test -z 
			 || test ! -s conftest.err
configure:3395: $? = 0
configure:3398: test -s conftest
configure:3401: $? = 0
configure:3413: result: yes
configure:3325: checking for strtol
configure:3382: gcc -o conftest -g -O2   conftest.c  >&5
configure:3388: $? = 0
configure:3392: test -z 
			 || test ! -s conftest.err
configure:3395: $? = 0
configure:3398: test -s conftest
configure:3401: $? = 0
configure:3413: result: yes
configure:3427: checking for nl_langinfo and CODESET
configure:3448: gcc -o conftest -g -O2   conftest.c  >&5
configure:3454: $? = 0
configure:3458: test -z 
			 || test ! -s conftest.err
configure:3461: $? = 0
configure:3464: test -s conftest
configure:3467: $? = 0
configure:3480: result: yes
configure:3492: checking whether build environment is sane
configure:3535: result: yes
configure:3600: checking for gawk
configure:3616: found /usr/bin/gawk
configure:3626: result: gawk
configure:3636: checking whether make sets $(MAKE)
configure:3656: result: yes
configure:3686: checking for style of include used by make
configure:3714: result: GNU
configure:3890: checking dependency style of gcc
configure:3980: result: gcc3
configure:4015: checking for Tcl configuration
configure:4088: WARNING: Can't find Tcl configuration definitions

## ---------------- ##
## Cache variables. ##
## ---------------- ##

ac_cv_c_compiler_gnu=yes
ac_cv_env_CC_set=
ac_cv_env_CC_value=
ac_cv_env_CFLAGS_set=
ac_cv_env_CFLAGS_value=
ac_cv_env_CPPFLAGS_set=
ac_cv_env_CPPFLAGS_value=
ac_cv_env_CPP_set=
ac_cv_env_CPP_value=
ac_cv_env_LDFLAGS_set=
ac_cv_env_LDFLAGS_value=
ac_cv_env_build_alias_set=
ac_cv_env_build_alias_value=
ac_cv_env_host_alias_set=
ac_cv_env_host_alias_value=
ac_cv_env_target_alias_set=
ac_cv_env_target_alias_value=
ac_cv_exeext=
ac_cv_func_malloc_0_nonnull=yes
ac_cv_func_strchr=yes
ac_cv_func_strdup=yes
ac_cv_func_strrchr=yes
ac_cv_func_strstr=yes
ac_cv_func_strtol=yes
ac_cv_header_inttypes_h=yes
ac_cv_header_locale_h=yes
ac_cv_header_malloc_h=yes
ac_cv_header_memory_h=yes
ac_cv_header_stdc=yes
ac_cv_header_stdint_h=yes
ac_cv_header_stdlib_h=yes
ac_cv_header_string_h=yes
ac_cv_header_strings_h=yes
ac_cv_header_sys_stat_h=yes
ac_cv_header_sys_types_h=yes
ac_cv_header_unistd_h=yes
ac_cv_objext=o
ac_cv_path_install='/usr/bin/install -c'
ac_cv_prog_AWK=gawk
ac_cv_prog_CPP='gcc -E'
ac_cv_prog_ac_ct_CC=gcc
ac_cv_prog_ac_ct_RANLIB=ranlib
ac_cv_prog_cc_g=yes
ac_cv_prog_cc_stdc=
ac_cv_prog_egrep='grep -E'
ac_cv_prog_make_make_set=yes
am_cv_CC_dependencies_compiler_type=gcc3
am_cv_langinfo_codeset=yes

## ----------------- ##
## Output variables. ##
## ----------------- ##

ACLOCAL='${SHELL} /home/dustin/narrate/wn/WordNet-2.1/missing --run aclocal-1.9'
AMDEPBACKSLASH='\'
AMDEP_FALSE='#'
AMDEP_TRUE=''
AMTAR='${SHELL} /home/dustin/narrate/wn/WordNet-2.1/missing --run tar'
AUTOCONF='${SHELL} /home/dustin/narrate/wn/WordNet-2.1/missing --run autoconf'
AUTOHEADER='${SHELL} /home/dustin/narrate/wn/WordNet-2.1/missing --run autoheader'
AUTOMAKE='${SHELL} /home/dustin/narrate/wn/WordNet-2.1/missing --run automake-1.9'
AWK='gawk'
CC='gcc'
CCDEPMODE='depmode=gcc3'
CFLAGS='-g -O2'
CPP='gcc -E'
CPPFLAGS=''
CYGPATH_W='echo'
DEFS=''
DEPDIR='.deps'
ECHO_C=''
ECHO_N='-n'
ECHO_T=''
EGREP='grep -E'
EXEEXT=''
INSTALL_DATA='${INSTALL} -m 644'
INSTALL_PROGRAM='${INSTALL}'
INSTALL_SCRIPT='${INSTALL}'
INSTALL_STRIP_PROGRAM='${SHELL} $(install_sh) -c -s'
LDFLAGS=''
LIBOBJS=''
LIBS=''
LTLIBOBJS=''
MAKEINFO='${SHELL} /home/dustin/narrate/wn/WordNet-2.1/missing --run makeinfo'
OBJEXT='o'
PACKAGE='WordNet'
PACKAGE_BUGREPORT='wordnet@princeton.edu'
PACKAGE_NAME='WordNet'
PACKAGE_STRING='WordNet 2.1'
PACKAGE_TARNAME='wordnet'
PACKAGE_VERSION='2.1'
PATH_SEPARATOR=':'
RANLIB='ranlib'
SET_MAKE=''
SHELL='/bin/sh'
STRIP=''
TCL_INCLUDE_SPEC=''
TCL_LIB_SPEC=''
TK_LIBS=''
TK_LIB_SPEC=''
TK_PREFIX=''
TK_XINCLUDES=''
VERSION='2.1'
ac_ct_CC='gcc'
ac_ct_RANLIB='ranlib'
ac_ct_STRIP=''
am__fastdepCC_FALSE='#'
am__fastdepCC_TRUE=''
am__include='include'
am__leading_dot='.'
am__quote=''
am__tar='${AMTAR} chof - "$$tardir"'
am__untar='${AMTAR} xf -'
bindir='${exec_prefix}/bin'
build_alias=''
datadir='${prefix}/share'
exec_prefix='NONE'
host_alias=''
includedir='${prefix}/include'
infodir='${prefix}/info'
install_sh='/home/dustin/narrate/wn/WordNet-2.1/install-sh'
libdir='${exec_prefix}/lib'
libexecdir='${exec_prefix}/libexec'
localstatedir='${prefix}/var'
mandir='${prefix}/man'
mkdir_p='mkdir -p --'
oldincludedir='/usr/include'
prefix='NONE'
program_transform_name='s,x,x,'
sbindir='${exec_prefix}/sbin'
sharedstatedir='${prefix}/com'
sysconfdir='${prefix}/etc'
target_alias=''

## ----------- ##
## confdefs.h. ##
## ----------- ##

#define HAVE_INTTYPES_H 1
#define HAVE_LANGINFO_CODESET 1
#define HAVE_LOCALE_H 1
#define HAVE_MALLOC 1
#define HAVE_MALLOC_H 1
#define HAVE_MEMORY_H 1
#define HAVE_STDINT_H 1
#define HAVE_STDLIB_H 1
#define HAVE_STDLIB_H 1
#define HAVE_STDLIB_H 1
#define HAVE_STRCHR 1
#define HAVE_STRDUP 1
#define HAVE_STRINGS_H 1
#define HAVE_STRING_H 1
#define HAVE_STRING_H 1
#define HAVE_STRRCHR 1
#define HAVE_STRSTR 1
#define HAVE_STRTOL 1
#define HAVE_SYS_STAT_H 1
#define HAVE_SYS_TYPES_H 1
#define HAVE_UNISTD_H 1
#define PACKAGE "WordNet"
#define PACKAGE_BUGREPORT "wordnet@princeton.edu"
#define PACKAGE_NAME "WordNet"
#define PACKAGE_STRING "WordNet 2.1"
#define PACKAGE_TARNAME "wordnet"
#define PACKAGE_VERSION "2.1"
#define STDC_HEADERS 1
#define VERSION "2.1"

configure: exit 0
